2021-10-09 19:06:06.881  INFO 20392 --- [main] lavalink.server.Launcher                 : 

[32m       .  [31m _                  _ _       _    [32m__ _ _
[32m      /\\ [31m| | __ ___   ____ _| (_)_ __ | | __[32m\ \ \ \
[32m     ( ( )[31m| |/ _` \ \ / / _` | | | '_ \| |/ /[32m \ \ \ \
[32m      \\/ [31m| | (_| |\ V / (_| | | | | | |   < [32m  ) ) ) )
[32m       '  [31m|_|\__,_| \_/ \__,_|_|_|_| |_|_|\_\[32m / / / /
[0m    =========================================[32m/_/_/_/[0m

	Version:        3.3.2.5
	Build:          1222
	Build time:     11.04.2021 08:07:27 UTC
	Branch          master
	Commit:         7b914f2
	Commit time:    09.04.2021 17:14:27 UTC
	JVM:            16.0.2
	Lavaplayer      1.3.76

2021-10-09 19:06:07.227  INFO 20392 --- [main] lavalink.server.Launcher                 : Starting Launcher on HullyMullys-PC with PID 20392 (C:\Users\david\Desktop\ \DiscordBot\DiscordBot V.0-2\Lavalink\Lavalink.jar started by david in C:\Users\david\Desktop\ \DiscordBot\DiscordBot V.0-2\Lavalink)
2021-10-09 19:06:07.228  INFO 20392 --- [main] lavalink.server.Launcher                 : No active profile set, falling back to default profiles: default
2021-10-09 19:06:07.490  WARN 20392 --- [background-preinit] o.s.h.c.j.Jackson2ObjectMapperBuilder    : For Jackson Kotlin classes support please add "com.fasterxml.jackson.module:jackson-module-kotlin" to the classpath
2021-10-09 19:06:11.039  WARN 20392 --- [main] io.undertow.websockets.jsr               : UT026010: Buffer pool was not set on WebSocketDeploymentInfo, the default pool will be used
2021-10-09 19:06:11.143  INFO 20392 --- [main] io.undertow.servlet                      : Initializing Spring embedded WebApplicationContext
2021-10-09 19:06:11.144  INFO 20392 --- [main] o.s.web.context.ContextLoader            : Root WebApplicationContext: initialization completed in 3749 ms
2021-10-09 19:06:12.271  WARN 20392 --- [main] l.server.config.SentryConfiguration      : Turning off sentry
2021-10-09 19:06:13.189  INFO 20392 --- [main] c.s.d.l.tools.GarbageCollectionMonitor   : GC monitoring enabled, reporting results every 2 minutes.
2021-10-09 19:06:13.720  INFO 20392 --- [main] lavalink.server.config.KoeConfiguration  : OS: Windows 10, Arch: amd64
2021-10-09 19:06:13.721  WARN 20392 --- [main] lavalink.server.config.KoeConfiguration  : This system and architecture appears to not support native audio sending! GC pauses may cause your bot to stutter during playback.
2021-10-09 19:06:14.322  INFO 20392 --- [main] o.s.s.concurrent.ThreadPoolTaskExecutor  : Initializing ExecutorService 'applicationTaskExecutor'
2021-10-09 19:06:15.068  INFO 20392 --- [main] org.xnio                                 : XNIO version 3.3.8.Final
2021-10-09 19:06:15.101  INFO 20392 --- [main] org.xnio.nio                             : XNIO NIO Implementation Version 3.3.8.Final
2021-10-09 19:06:15.334  INFO 20392 --- [main] o.s.b.w.e.u.UndertowServletWebServer     : Undertow started on port(s) 2333 (http) with context path ''
2021-10-09 19:06:15.344  INFO 20392 --- [main] lavalink.server.Launcher                 : Started Launcher in 9.608 seconds (JVM running for 11.152)
2021-10-09 19:06:15.348  INFO 20392 --- [main] lavalink.server.Launcher                 : You can safely ignore the big red warning about illegal reflection. See https://github.com/Frederikam/Lavalink/issues/295
2021-10-09 19:06:34.779  INFO 20392 --- [XNIO-1 task-1] io.undertow.servlet                      : Initializing Spring DispatcherServlet 'dispatcherServlet'
2021-10-09 19:06:34.780  INFO 20392 --- [XNIO-1 task-1] o.s.web.servlet.DispatcherServlet        : Initializing Servlet 'dispatcherServlet'
2021-10-09 19:06:34.796  INFO 20392 --- [XNIO-1 task-1] o.s.web.servlet.DispatcherServlet        : Completed initialization in 16 ms
2021-10-09 19:06:34.851  INFO 20392 --- [XNIO-1 task-1] l.server.io.HandshakeInterceptorImpl     : Incoming connection from /127.0.0.1:54410
2021-10-09 19:06:35.008  INFO 20392 --- [XNIO-1 task-1] lavalink.server.io.SocketServer          : Connection successfully established from /127.0.0.1:54410
